0 info it worked if it ends with ok
1 verbose cli [ 'D:\\ruanjian\\nodejs\\\\node.exe',
1 verbose cli   'D:\\ruanjian\\nodejs\\node_modules\\npm\\bin\\npm-cli.js',
1 verbose cli   'install',
1 verbose cli   'file-stream-rotator',
1 verbose cli   '--save-dev' ]
2 info using npm@2.11.3
3 info using node@v0.12.7
4 verbose install initial load of C:\Users\ty\WebstormProjects\TYBlog02\package.json
5 verbose installManyTop reading scoped package data from C:\Users\ty\WebstormProjects\TYBlog02\node_modules\body-parser\package.json
6 verbose installManyTop reading scoped package data from C:\Users\ty\WebstormProjects\TYBlog02\node_modules\cookie-parser\package.json
7 verbose installManyTop reading scoped package data from C:\Users\ty\WebstormProjects\TYBlog02\node_modules\debug\package.json
8 verbose installManyTop reading scoped package data from C:\Users\ty\WebstormProjects\TYBlog02\node_modules\ejs\package.json
9 verbose installManyTop reading scoped package data from C:\Users\ty\WebstormProjects\TYBlog02\node_modules\eslint\package.json
10 verbose installManyTop reading scoped package data from C:\Users\ty\WebstormProjects\TYBlog02\node_modules\eslint-config-airbnb\package.json
11 verbose installManyTop reading scoped package data from C:\Users\ty\WebstormProjects\TYBlog02\node_modules\eslint-plugin-import\package.json
12 verbose installManyTop reading scoped package data from C:\Users\ty\WebstormProjects\TYBlog02\node_modules\eslint-plugin-jsx-a11y\package.json
13 verbose installManyTop reading scoped package data from C:\Users\ty\WebstormProjects\TYBlog02\node_modules\eslint-plugin-react\package.json
14 verbose installManyTop reading scoped package data from C:\Users\ty\WebstormProjects\TYBlog02\node_modules\express\package.json
15 verbose installManyTop reading scoped package data from C:\Users\ty\WebstormProjects\TYBlog02\node_modules\morgan\package.json
16 verbose installManyTop reading scoped package data from C:\Users\ty\WebstormProjects\TYBlog02\node_modules\node-compass\package.json
17 verbose installManyTop reading scoped package data from C:\Users\ty\WebstormProjects\TYBlog02\node_modules\serve-favicon\package.json
18 info package.json node-compass@0.2.3 No license field.
19 verbose readDependencies loading dependencies from C:\Users\ty\WebstormProjects\TYBlog02\package.json
20 silly cache add args [ 'file-stream-rotator', null ]
21 verbose cache add spec file-stream-rotator
22 silly cache add parsed spec { raw: 'file-stream-rotator',
22 silly cache add   scope: null,
22 silly cache add   name: 'file-stream-rotator',
22 silly cache add   rawSpec: '',
22 silly cache add   spec: '*',
22 silly cache add   type: 'range' }
23 silly addNamed file-stream-rotator@*
24 verbose addNamed "*" is a valid semver range for file-stream-rotator
25 silly addNameRange { name: 'file-stream-rotator', range: '*', hasData: false }
26 silly mapToRegistry name file-stream-rotator
27 silly mapToRegistry using default registry
28 silly mapToRegistry registry https://registry.npmjs.org/
29 silly mapToRegistry uri https://registry.npmjs.org/file-stream-rotator
30 verbose addNameRange registry:https://registry.npmjs.org/file-stream-rotator not in flight; fetching
31 verbose request uri https://registry.npmjs.org/file-stream-rotator
32 verbose request no auth needed
33 info attempt registry request try #1 at 23:23:15
34 verbose request id 205e740380b5471b
35 http request GET https://registry.npmjs.org/file-stream-rotator
36 http 200 https://registry.npmjs.org/file-stream-rotator
37 silly get cb [ 200,
37 silly get   { server: 'CouchDB/1.5.0 (Erlang OTP/R16B03)',
37 silly get     etag: '"DFTRBRY69931C0CMULTGR7T6B"',
37 silly get     'content-type': 'application/json',
37 silly get     'content-encoding': 'gzip',
37 silly get     'cache-control': 'max-age=300',
37 silly get     'content-length': '2609',
37 silly get     'accept-ranges': 'bytes',
37 silly get     date: 'Mon, 18 Jul 2016 15:23:28 GMT',
37 silly get     via: '1.1 varnish',
37 silly get     age: '121',
37 silly get     connection: 'keep-alive',
37 silly get     'x-served-by': 'cache-ord1748-ORD',
37 silly get     'x-cache': 'HIT',
37 silly get     'x-cache-hits': '1',
37 silly get     'x-timer': 'S1468855408.695211,VS0,VE0',
37 silly get     vary: 'Accept-Encoding' } ]
38 verbose get saving file-stream-rotator to C:\Users\ty\AppData\Roaming\npm-cache\registry.npmjs.org\file-stream-rotator\.cache.json
39 silly addNameRange number 2 { name: 'file-stream-rotator', range: '*', hasData: true }
40 silly addNameRange versions [ 'file-stream-rotator',
40 silly addNameRange   [ '0.0.1', '0.0.2', '0.0.3', '0.0.4', '0.0.5', '0.0.6', '0.0.7' ] ]
41 silly addNamed file-stream-rotator@0.0.7
42 verbose addNamed "0.0.7" is a plain semver version for file-stream-rotator
43 silly mapToRegistry name file-stream-rotator
44 silly mapToRegistry using default registry
45 silly mapToRegistry registry https://registry.npmjs.org/
46 silly mapToRegistry uri https://registry.npmjs.org/file-stream-rotator
47 verbose addRemoteTarball https://registry.npmjs.org/file-stream-rotator/-/file-stream-rotator-0.0.7.tgz not in flight; adding
48 verbose addRemoteTarball [ 'https://registry.npmjs.org/file-stream-rotator/-/file-stream-rotator-0.0.7.tgz',
48 verbose addRemoteTarball   '48c0e5820b6223e79cbc599f956222946b48fb4e' ]
49 info retry fetch attempt 1 at 23:23:23
50 info attempt registry request try #1 at 23:23:23
51 http fetch GET https://registry.npmjs.org/file-stream-rotator/-/file-stream-rotator-0.0.7.tgz
52 http fetch 200 https://registry.npmjs.org/file-stream-rotator/-/file-stream-rotator-0.0.7.tgz
53 silly fetchAndShaCheck shasum 48c0e5820b6223e79cbc599f956222946b48fb4e
54 verbose addTmpTarball C:\Users\ty\AppData\Local\Temp\npm-8764-3efdc49c\registry.npmjs.org\file-stream-rotator\-\file-stream-rotator-0.0.7.tgz not in flight; adding
55 verbose addTmpTarball already have metadata; skipping unpack for file-stream-rotator@0.0.7
56 silly cache afterAdd file-stream-rotator@0.0.7
57 verbose afterAdd C:\Users\ty\AppData\Roaming\npm-cache\file-stream-rotator\0.0.7\package\package.json not in flight; writing
58 verbose afterAdd C:\Users\ty\AppData\Roaming\npm-cache\file-stream-rotator\0.0.7\package\package.json written
59 silly install resolved [ { name: 'file-stream-rotator',
59 silly install resolved     version: '0.0.7',
59 silly install resolved     description: 'Automated stream rotation',
59 silly install resolved     main: 'FileStreamRotator.js',
59 silly install resolved     scripts: { test: 'node test.js' },
59 silly install resolved     repository:
59 silly install resolved      { type: 'git',
59 silly install resolved        url: 'git://github.com/holidayextras/file-stream-rotator.git' },
59 silly install resolved     keywords:
59 silly install resolved      [ 'stream',
59 silly install resolved        'express',
59 silly install resolved        'restify',
59 silly install resolved        'connect',
59 silly install resolved        'rotate',
59 silly install resolved        'file',
59 silly install resolved        'minute',
59 silly install resolved        'hourly',
59 silly install resolved        'daily',
59 silly install resolved        'logrotate' ],
59 silly install resolved     author: { name: 'Roger Castells' },
59 silly install resolved     license: 'MIT',
59 silly install resolved     dependencies: { moment: '^2.11.2' },
59 silly install resolved     gitHead: '3c87e2fe8b4c40a88af696d36dd090cd4e3b6ed4',
59 silly install resolved     bugs: { url: 'https://github.com/holidayextras/file-stream-rotator/issues' },
59 silly install resolved     homepage: 'https://github.com/holidayextras/file-stream-rotator#readme',
59 silly install resolved     _id: 'file-stream-rotator@0.0.7',
59 silly install resolved     _shasum: '48c0e5820b6223e79cbc599f956222946b48fb4e',
59 silly install resolved     _from: 'file-stream-rotator@*',
59 silly install resolved     _npmVersion: '2.15.5',
59 silly install resolved     _nodeVersion: '4.4.5',
59 silly install resolved     _npmUser: { name: 'hxmarkterry', email: 'mark.terry@holidayextras.com' },
59 silly install resolved     maintainers:
59 silly install resolved      [ [Object],
59 silly install resolved        [Object],
59 silly install resolved        [Object],
59 silly install resolved        [Object],
59 silly install resolved        [Object],
59 silly install resolved        [Object],
59 silly install resolved        [Object],
59 silly install resolved        [Object],
59 silly install resolved        [Object],
59 silly install resolved        [Object],
59 silly install resolved        [Object] ],
59 silly install resolved     dist:
59 silly install resolved      { shasum: '48c0e5820b6223e79cbc599f956222946b48fb4e',
59 silly install resolved        tarball: 'https://registry.npmjs.org/file-stream-rotator/-/file-stream-rotator-0.0.7.tgz' },
59 silly install resolved     _npmOperationalInternal:
59 silly install resolved      { host: 'packages-12-west.internal.npmjs.com',
59 silly install resolved        tmp: 'tmp/file-stream-rotator-0.0.7.tgz_1468407573547_0.07904674136079848' },
59 silly install resolved     directories: {},
59 silly install resolved     _resolved: 'https://registry.npmjs.org/file-stream-rotator/-/file-stream-rotator-0.0.7.tgz' } ]
60 info install file-stream-rotator@0.0.7 into C:\Users\ty\WebstormProjects\TYBlog02
61 info installOne file-stream-rotator@0.0.7
62 verbose installOne of file-stream-rotator to C:\Users\ty\WebstormProjects\TYBlog02 not in flight; installing
63 verbose lock using C:\Users\ty\AppData\Roaming\npm-cache\_locks\file-stream-rotator-326530cc47f3d6d3.lock for C:\Users\ty\WebstormProjects\TYBlog02\node_modules\file-stream-rotator
64 silly install write writing file-stream-rotator 0.0.7 to C:\Users\ty\WebstormProjects\TYBlog02\node_modules\file-stream-rotator
65 verbose unbuild node_modules\file-stream-rotator
66 silly gentlyRm C:\Users\ty\WebstormProjects\TYBlog02\node_modules\file-stream-rotator is being purged from base C:\Users\ty\WebstormProjects\TYBlog02
67 verbose gentlyRm don't care about contents; nuking C:\Users\ty\WebstormProjects\TYBlog02\node_modules\file-stream-rotator
68 verbose tar unpack C:\Users\ty\AppData\Roaming\npm-cache\file-stream-rotator\0.0.7\package.tgz
69 verbose tar unpacking to C:\Users\ty\WebstormProjects\TYBlog02\node_modules\file-stream-rotator
70 silly gentlyRm C:\Users\ty\WebstormProjects\TYBlog02\node_modules\file-stream-rotator is being purged
71 verbose gentlyRm don't care about contents; nuking C:\Users\ty\WebstormProjects\TYBlog02\node_modules\file-stream-rotator
72 silly gunzTarPerm modes [ '777', '666' ]
73 silly gunzTarPerm extractEntry package.json
74 silly gunzTarPerm modified mode [ 'package.json', 420, 438 ]
75 silly gunzTarPerm extractEntry .npmignore
76 silly gunzTarPerm modified mode [ '.npmignore', 420, 438 ]
77 silly gunzTarPerm extractEntry README.md
78 silly gunzTarPerm modified mode [ 'README.md', 420, 438 ]
79 silly gunzTarPerm extractEntry index.js
80 silly gunzTarPerm modified mode [ 'index.js', 420, 438 ]
81 silly gunzTarPerm extractEntry FileStreamRotator.js
82 silly gunzTarPerm modified mode [ 'FileStreamRotator.js', 420, 438 ]
83 silly gunzTarPerm extractEntry test.js
84 silly gunzTarPerm modified mode [ 'test.js', 420, 438 ]
85 silly gunzTarPerm extractEntry .travis.yml
86 silly gunzTarPerm modified mode [ '.travis.yml', 420, 438 ]
87 silly gunzTarPerm extractEntry .project
88 silly gunzTarPerm modified mode [ '.project', 420, 438 ]
89 silly gunzTarPerm extractEntry .nvmrc
90 silly gunzTarPerm modified mode [ '.nvmrc', 420, 438 ]
91 verbose write writing to C:\Users\ty\WebstormProjects\TYBlog02\node_modules\file-stream-rotator\package.json
92 info preinstall file-stream-rotator@0.0.7
93 verbose readDependencies loading dependencies from C:\Users\ty\WebstormProjects\TYBlog02\node_modules\file-stream-rotator\package.json
94 silly prepareForInstallMany adding moment@^2.11.2 from file-stream-rotator dependencies
95 verbose readDependencies loading dependencies from C:\Users\ty\WebstormProjects\TYBlog02\node_modules\file-stream-rotator\package.json
96 silly cache add args [ 'moment@^2.11.2', null ]
97 verbose cache add spec moment@^2.11.2
98 silly cache add parsed spec { raw: 'moment@^2.11.2',
98 silly cache add   scope: null,
98 silly cache add   name: 'moment',
98 silly cache add   rawSpec: '^2.11.2',
98 silly cache add   spec: '>=2.11.2 <3.0.0',
98 silly cache add   type: 'range' }
99 silly addNamed moment@>=2.11.2 <3.0.0
100 verbose addNamed ">=2.11.2 <3.0.0" is a valid semver range for moment
101 silly addNameRange { name: 'moment', range: '>=2.11.2 <3.0.0', hasData: false }
102 silly mapToRegistry name moment
103 silly mapToRegistry using default registry
104 silly mapToRegistry registry https://registry.npmjs.org/
105 silly mapToRegistry uri https://registry.npmjs.org/moment
106 verbose addNameRange registry:https://registry.npmjs.org/moment not in flight; fetching
107 verbose request uri https://registry.npmjs.org/moment
108 verbose request no auth needed
109 info attempt registry request try #1 at 23:23:28
110 verbose etag "DM52RPE3SSWSBHJVLC20FLV56"
111 http request GET https://registry.npmjs.org/moment
112 http 200 https://registry.npmjs.org/moment
113 silly get cb [ 200,
113 silly get   { server: 'CouchDB/1.5.0 (Erlang OTP/R16B03)',
113 silly get     etag: '"BGCXQ8TAF2D2ZNQHD0TRQZCFI"',
113 silly get     'content-type': 'application/json',
113 silly get     'content-encoding': 'gzip',
113 silly get     'cache-control': 'max-age=300',
113 silly get     'content-length': '12322',
113 silly get     'accept-ranges': 'bytes',
113 silly get     date: 'Mon, 18 Jul 2016 15:23:35 GMT',
113 silly get     via: '1.1 varnish',
113 silly get     age: '170',
113 silly get     connection: 'keep-alive',
113 silly get     'x-served-by': 'cache-ord1730-ORD',
113 silly get     'x-cache': 'HIT',
113 silly get     'x-cache-hits': '4',
113 silly get     'x-timer': 'S1468855415.235652,VS0,VE0',
113 silly get     vary: 'Accept-Encoding' } ]
114 verbose get saving moment to C:\Users\ty\AppData\Roaming\npm-cache\registry.npmjs.org\moment\.cache.json
115 silly addNameRange number 2 { name: 'moment', range: '>=2.11.2 <3.0.0', hasData: true }
116 silly addNameRange versions [ 'moment',
116 silly addNameRange   [ '1.0.0',
116 silly addNameRange     '1.0.1',
116 silly addNameRange     '1.1.0',
116 silly addNameRange     '1.1.1',
116 silly addNameRange     '1.2.0',
116 silly addNameRange     '1.3.0',
116 silly addNameRange     '1.4.0',
116 silly addNameRange     '1.5.0',
116 silly addNameRange     '1.5.1',
116 silly addNameRange     '1.6.0',
116 silly addNameRange     '1.6.1',
116 silly addNameRange     '1.6.2',
116 silly addNameRange     '1.7.0',
116 silly addNameRange     '1.7.1',
116 silly addNameRange     '1.7.2',
116 silly addNameRange     '2.0.0',
116 silly addNameRange     '2.1.0',
116 silly addNameRange     '2.2.1',
116 silly addNameRange     '2.3.0',
116 silly addNameRange     '2.3.1',
116 silly addNameRange     '2.4.0',
116 silly addNameRange     '2.5.0',
116 silly addNameRange     '2.5.1',
116 silly addNameRange     '2.6.0',
116 silly addNameRange     '2.7.0',
116 silly addNameRange     '2.8.1',
116 silly addNameRange     '2.8.2',
116 silly addNameRange     '2.8.3',
116 silly addNameRange     '2.8.4',
116 silly addNameRange     '2.9.0',
116 silly addNameRange     '2.10.2',
116 silly addNameRange     '2.10.3',
116 silly addNameRange     '2.10.5',
116 silly addNameRange     '2.10.6',
116 silly addNameRange     '2.11.0',
116 silly addNameRange     '2.11.1',
116 silly addNameRange     '2.11.2',
116 silly addNameRange     '2.12.0',
116 silly addNameRange     '2.13.0',
116 silly addNameRange     '2.14.0',
116 silly addNameRange     '2.14.1' ] ]
117 silly addNamed moment@2.14.1
118 verbose addNamed "2.14.1" is a plain semver version for moment
119 silly mapToRegistry name moment
120 silly mapToRegistry using default registry
121 silly mapToRegistry registry https://registry.npmjs.org/
122 silly mapToRegistry uri https://registry.npmjs.org/moment
123 verbose addRemoteTarball https://registry.npmjs.org/moment/-/moment-2.14.1.tgz not in flight; adding
124 verbose addRemoteTarball [ 'https://registry.npmjs.org/moment/-/moment-2.14.1.tgz',
124 verbose addRemoteTarball   'b35b27c47e57ed2ddc70053d6b07becdb291741c' ]
125 info retry fetch attempt 1 at 23:23:30
126 info attempt registry request try #1 at 23:23:30
127 http fetch GET https://registry.npmjs.org/moment/-/moment-2.14.1.tgz
128 http fetch 200 https://registry.npmjs.org/moment/-/moment-2.14.1.tgz
129 silly fetchAndShaCheck shasum b35b27c47e57ed2ddc70053d6b07becdb291741c
130 verbose addTmpTarball C:\Users\ty\AppData\Local\Temp\npm-8764-3efdc49c\registry.npmjs.org\moment\-\moment-2.14.1.tgz not in flight; adding
131 verbose addTmpTarball already have metadata; skipping unpack for moment@2.14.1
132 silly cache afterAdd moment@2.14.1
133 verbose afterAdd C:\Users\ty\AppData\Roaming\npm-cache\moment\2.14.1\package\package.json not in flight; writing
134 verbose afterAdd C:\Users\ty\AppData\Roaming\npm-cache\moment\2.14.1\package\package.json written
135 silly install resolved [ { name: 'moment',
135 silly install resolved     version: '2.14.1',
135 silly install resolved     description: 'Parse, validate, manipulate, and display dates',
135 silly install resolved     homepage: 'http://momentjs.com',
135 silly install resolved     author:
135 silly install resolved      { name: 'Iskren Ivov Chernev',
135 silly install resolved        email: 'iskren.chernev@gmail.com',
135 silly install resolved        url: 'https://github.com/ichernev' },
135 silly install resolved     contributors: [ [Object], [Object], [Object], [Object], [Object] ],
135 silly install resolved     keywords:
135 silly install resolved      [ 'moment',
135 silly install resolved        'date',
135 silly install resolved        'time',
135 silly install resolved        'parse',
135 silly install resolved        'format',
135 silly install resolved        'validate',
135 silly install resolved        'i18n',
135 silly install resolved        'l10n',
135 silly install resolved        'ender' ],
135 silly install resolved     main: './moment.js',
135 silly install resolved     'jsnext:main': './src/moment.js',
135 silly install resolved     typings: './moment.d.ts',
135 silly install resolved     engines: { node: '*' },
135 silly install resolved     repository: { type: 'git', url: 'git+https://github.com/moment/moment.git' },
135 silly install resolved     bugs: { url: 'https://github.com/moment/moment/issues' },
135 silly install resolved     license: 'MIT',
135 silly install resolved     devDependencies:
135 silly install resolved      { 'uglify-js': 'latest',
135 silly install resolved        'es6-promise': 'latest',
135 silly install resolved        grunt: '~0.4',
135 silly install resolved        'grunt-cli': 'latest',
135 silly install resolved        benchmark: 'latest',
135 silly install resolved        esperanto: 'latest',
135 silly install resolved        'grunt-contrib-clean': 'latest',
135 silly install resolved        'grunt-contrib-concat': 'latest',
135 silly install resolved        'grunt-contrib-copy': 'latest',
135 silly install resolved        'grunt-contrib-jshint': 'latest',
135 silly install resolved        'grunt-contrib-uglify': 'latest',
135 silly install resolved        'grunt-contrib-watch': 'latest',
135 silly install resolved        'grunt-env': 'latest',
135 silly install resolved        'grunt-jscs': 'latest',
135 silly install resolved        'grunt-karma': 'latest',
135 silly install resolved        'grunt-nuget': 'latest',
135 silly install resolved        'grunt-benchmark': 'latest',
135 silly install resolved        'grunt-string-replace': 'latest',
135 silly install resolved        'grunt-exec': 'latest',
135 silly install resolved        'load-grunt-tasks': 'latest',
135 silly install resolved        karma: 'latest',
135 silly install resolved        'karma-chrome-launcher': 'latest',
135 silly install resolved        'karma-firefox-launcher': 'latest',
135 silly install resolved        'karma-qunit': 'latest',
135 silly install resolved        'karma-sauce-launcher': 'latest',
135 silly install resolved        qunit: '^0.7.5',
135 silly install resolved        'qunit-cli': '^0.1.4',
135 silly install resolved        spacejam: 'latest',
135 silly install resolved        coveralls: '^2.11.2',
135 silly install resolved        nyc: '^2.1.4' },
135 silly install resolved     ender: './ender.js',
135 silly install resolved     dojoBuild: 'package.js',
135 silly install resolved     jspm: { files: [Object], map: [Object], buildConfig: [Object] },
135 silly install resolved     scripts:
135 silly install resolved      { test: 'grunt test',
135 silly install resolved        coverage: 'nyc npm test && nyc report',
135 silly install resolved        coveralls: 'nyc npm test && nyc report --reporter=text-lcov | coveralls' },
135 silly install resolved     spm: { main: 'moment.js', output: [Object] },
135 silly install resolved     _id: 'moment@2.14.1',
135 silly install resolved     _shasum: 'b35b27c47e57ed2ddc70053d6b07becdb291741c',
135 silly install resolved     _from: 'moment@>=2.11.2 <3.0.0',
135 silly install resolved     _npmVersion: '3.8.6',
135 silly install resolved     _nodeVersion: '6.1.0',
135 silly install resolved     _npmUser: { name: 'ichernev', email: 'iskren.chernev@gmail.com' },
135 silly install resolved     dist:
135 silly install resolved      { shasum: 'b35b27c47e57ed2ddc70053d6b07becdb291741c',
135 silly install resolved        tarball: 'https://registry.npmjs.org/moment/-/moment-2.14.1.tgz' },
135 silly install resolved     maintainers: [ [Object], [Object] ],
135 silly install resolved     _npmOperationalInternal:
135 silly install resolved      { host: 'packages-16-east.internal.npmjs.com',
135 silly install resolved        tmp: 'tmp/moment-2.14.1.tgz_1467614674915_0.32715084473602474' },
135 silly install resolved     directories: {},
135 silly install resolved     _resolved: 'https://registry.npmjs.org/moment/-/moment-2.14.1.tgz' } ]
136 info install moment@2.14.1 into C:\Users\ty\WebstormProjects\TYBlog02\node_modules\file-stream-rotator
137 info installOne moment@2.14.1
138 verbose installOne of moment to C:\Users\ty\WebstormProjects\TYBlog02\node_modules\file-stream-rotator not in flight; installing
139 verbose lock using C:\Users\ty\AppData\Roaming\npm-cache\_locks\moment-f4f9112def575f5c.lock for C:\Users\ty\WebstormProjects\TYBlog02\node_modules\file-stream-rotator\node_modules\moment
140 silly install write writing moment 2.14.1 to C:\Users\ty\WebstormProjects\TYBlog02\node_modules\file-stream-rotator\node_modules\moment
141 verbose unbuild node_modules\file-stream-rotator\node_modules\moment
142 silly gentlyRm C:\Users\ty\WebstormProjects\TYBlog02\node_modules\file-stream-rotator\node_modules\moment is being purged from base C:\Users\ty\WebstormProjects\TYBlog02
143 verbose gentlyRm don't care about contents; nuking C:\Users\ty\WebstormProjects\TYBlog02\node_modules\file-stream-rotator\node_modules\moment
144 verbose tar unpack C:\Users\ty\AppData\Roaming\npm-cache\moment\2.14.1\package.tgz
145 verbose tar unpacking to C:\Users\ty\WebstormProjects\TYBlog02\node_modules\file-stream-rotator\node_modules\moment
146 silly gentlyRm C:\Users\ty\WebstormProjects\TYBlog02\node_modules\file-stream-rotator\node_modules\moment is being purged
147 verbose gentlyRm don't care about contents; nuking C:\Users\ty\WebstormProjects\TYBlog02\node_modules\file-stream-rotator\node_modules\moment
148 silly gunzTarPerm modes [ '777', '666' ]
149 silly gunzTarPerm extractEntry package.json
150 silly gunzTarPerm modified mode [ 'package.json', 420, 438 ]
151 silly gunzTarPerm extractEntry .npmignore
152 silly gunzTarPerm modified mode [ '.npmignore', 420, 438 ]
153 silly gunzTarPerm extractEntry README.md
154 silly gunzTarPerm modified mode [ 'README.md', 420, 438 ]
155 silly gunzTarPerm extractEntry LICENSE
156 silly gunzTarPerm modified mode [ 'LICENSE', 420, 438 ]
157 silly gunzTarPerm extractEntry ender.js
158 silly gunzTarPerm modified mode [ 'ender.js', 420, 438 ]
159 silly gunzTarPerm extractEntry moment.js
160 silly gunzTarPerm modified mode [ 'moment.js', 420, 438 ]
161 silly gunzTarPerm extractEntry package.js
162 silly gunzTarPerm modified mode [ 'package.js', 420, 438 ]
163 silly gunzTarPerm extractEntry moment.d.ts
164 silly gunzTarPerm modified mode [ 'moment.d.ts', 420, 438 ]
165 silly gunzTarPerm extractEntry src/moment.js
166 silly gunzTarPerm modified mode [ 'src/moment.js', 420, 438 ]
167 silly gunzTarPerm extractEntry src/lib/create/check-overflow.js
168 silly gunzTarPerm modified mode [ 'src/lib/create/check-overflow.js', 420, 438 ]
169 silly gunzTarPerm extractEntry src/lib/create/from-anything.js
170 silly gunzTarPerm modified mode [ 'src/lib/create/from-anything.js', 420, 438 ]
171 silly gunzTarPerm extractEntry src/lib/create/from-array.js
172 silly gunzTarPerm modified mode [ 'src/lib/create/from-array.js', 420, 438 ]
173 silly gunzTarPerm extractEntry src/lib/create/from-object.js
174 silly gunzTarPerm modified mode [ 'src/lib/create/from-object.js', 420, 438 ]
175 silly gunzTarPerm extractEntry src/lib/create/from-string-and-array.js
176 silly gunzTarPerm modified mode [ 'src/lib/create/from-string-and-array.js', 420, 438 ]
177 silly gunzTarPerm extractEntry src/lib/create/date-from-array.js
178 silly gunzTarPerm modified mode [ 'src/lib/create/date-from-array.js', 420, 438 ]
179 silly gunzTarPerm extractEntry src/lib/create/from-string.js
180 silly gunzTarPerm modified mode [ 'src/lib/create/from-string.js', 420, 438 ]
181 silly gunzTarPerm extractEntry src/lib/create/local.js
182 silly gunzTarPerm modified mode [ 'src/lib/create/local.js', 420, 438 ]
183 silly gunzTarPerm extractEntry src/lib/create/parsing-flags.js
184 silly gunzTarPerm modified mode [ 'src/lib/create/parsing-flags.js', 420, 438 ]
185 silly gunzTarPerm extractEntry src/lib/create/utc.js
186 silly gunzTarPerm modified mode [ 'src/lib/create/utc.js', 420, 438 ]
187 silly gunzTarPerm extractEntry src/lib/create/valid.js
188 silly gunzTarPerm modified mode [ 'src/lib/create/valid.js', 420, 438 ]
189 silly gunzTarPerm extractEntry src/lib/create/from-string-and-format.js
190 silly gunzTarPerm modified mode [ 'src/lib/create/from-string-and-format.js', 420, 438 ]
191 silly gunzTarPerm extractEntry src/lib/duration/abs.js
192 silly gunzTarPerm modified mode [ 'src/lib/duration/abs.js', 420, 438 ]
193 silly gunzTarPerm extractEntry src/lib/duration/as.js
194 silly gunzTarPerm modified mode [ 'src/lib/duration/as.js', 420, 438 ]
195 silly gunzTarPerm extractEntry src/lib/duration/bubble.js
196 silly gunzTarPerm modified mode [ 'src/lib/duration/bubble.js', 420, 438 ]
197 silly gunzTarPerm extractEntry src/lib/duration/constructor.js
198 silly gunzTarPerm modified mode [ 'src/lib/duration/constructor.js', 420, 438 ]
199 silly gunzTarPerm extractEntry src/lib/duration/add-subtract.js
200 silly gunzTarPerm modified mode [ 'src/lib/duration/add-subtract.js', 420, 438 ]
201 silly gunzTarPerm extractEntry src/lib/duration/duration.js
202 silly gunzTarPerm modified mode [ 'src/lib/duration/duration.js', 420, 438 ]
203 silly gunzTarPerm extractEntry src/lib/duration/get.js
204 silly gunzTarPerm modified mode [ 'src/lib/duration/get.js', 420, 438 ]
205 silly gunzTarPerm extractEntry src/lib/duration/humanize.js
206 silly gunzTarPerm modified mode [ 'src/lib/duration/humanize.js', 420, 438 ]
207 silly gunzTarPerm extractEntry src/lib/duration/iso-string.js
208 silly gunzTarPerm modified mode [ 'src/lib/duration/iso-string.js', 420, 438 ]
209 silly gunzTarPerm extractEntry src/lib/duration/prototype.js
210 silly gunzTarPerm modified mode [ 'src/lib/duration/prototype.js', 420, 438 ]
211 silly gunzTarPerm extractEntry src/lib/duration/create.js
212 silly gunzTarPerm modified mode [ 'src/lib/duration/create.js', 420, 438 ]
213 silly gunzTarPerm extractEntry src/lib/format/format.js
214 silly gunzTarPerm modified mode [ 'src/lib/format/format.js', 420, 438 ]
215 silly gunzTarPerm extractEntry src/lib/locale/base-config.js
216 silly gunzTarPerm modified mode [ 'src/lib/locale/base-config.js', 420, 438 ]
217 silly gunzTarPerm extractEntry src/lib/locale/en.js
218 silly gunzTarPerm modified mode [ 'src/lib/locale/en.js', 420, 438 ]
219 silly gunzTarPerm extractEntry src/lib/locale/formats.js
220 silly gunzTarPerm modified mode [ 'src/lib/locale/formats.js', 420, 438 ]
221 silly gunzTarPerm extractEntry src/lib/locale/invalid.js
222 silly gunzTarPerm modified mode [ 'src/lib/locale/invalid.js', 420, 438 ]
223 silly gunzTarPerm extractEntry src/lib/locale/lists.js
224 silly gunzTarPerm modified mode [ 'src/lib/locale/lists.js', 420, 438 ]
225 silly gunzTarPerm extractEntry src/lib/locale/constructor.js
226 silly gunzTarPerm modified mode [ 'src/lib/locale/constructor.js', 420, 438 ]
227 silly gunzTarPerm extractEntry src/lib/locale/locales.js
228 silly gunzTarPerm modified mode [ 'src/lib/locale/locales.js', 420, 438 ]
229 silly gunzTarPerm extractEntry src/lib/locale/ordinal.js
230 silly gunzTarPerm modified mode [ 'src/lib/locale/ordinal.js', 420, 438 ]
231 silly gunzTarPerm extractEntry src/lib/locale/pre-post-format.js
232 silly gunzTarPerm modified mode [ 'src/lib/locale/pre-post-format.js', 420, 438 ]
233 silly gunzTarPerm extractEntry src/lib/locale/prototype.js
234 silly gunzTarPerm modified mode [ 'src/lib/locale/prototype.js', 420, 438 ]
235 silly gunzTarPerm extractEntry src/lib/locale/relative.js
236 silly gunzTarPerm modified mode [ 'src/lib/locale/relative.js', 420, 438 ]
237 silly gunzTarPerm extractEntry src/lib/locale/calendar.js
238 silly gunzTarPerm modified mode [ 'src/lib/locale/calendar.js', 420, 438 ]
239 silly gunzTarPerm extractEntry src/lib/locale/set.js
240 silly gunzTarPerm modified mode [ 'src/lib/locale/set.js', 420, 438 ]
241 silly gunzTarPerm extractEntry src/lib/locale/locale.js
242 silly gunzTarPerm modified mode [ 'src/lib/locale/locale.js', 420, 438 ]
243 silly gunzTarPerm extractEntry src/lib/moment/add-subtract.js
244 silly gunzTarPerm modified mode [ 'src/lib/moment/add-subtract.js', 420, 438 ]
245 silly gunzTarPerm extractEntry src/lib/moment/diff.js
246 silly gunzTarPerm modified mode [ 'src/lib/moment/diff.js', 420, 438 ]
247 silly gunzTarPerm extractEntry src/lib/moment/format.js
248 silly gunzTarPerm modified mode [ 'src/lib/moment/format.js', 420, 438 ]
249 silly gunzTarPerm extractEntry src/lib/moment/from.js
250 silly gunzTarPerm modified mode [ 'src/lib/moment/from.js', 420, 438 ]
251 silly gunzTarPerm extractEntry src/lib/moment/creation-data.js
252 silly gunzTarPerm modified mode [ 'src/lib/moment/creation-data.js', 420, 438 ]
253 silly gunzTarPerm extractEntry src/lib/moment/locale.js
254 silly gunzTarPerm modified mode [ 'src/lib/moment/locale.js', 420, 438 ]
255 silly gunzTarPerm extractEntry src/lib/moment/min-max.js
256 silly gunzTarPerm modified mode [ 'src/lib/moment/min-max.js', 420, 438 ]
257 silly gunzTarPerm extractEntry src/lib/moment/moment.js
258 silly gunzTarPerm modified mode [ 'src/lib/moment/moment.js', 420, 438 ]
259 silly gunzTarPerm extractEntry src/lib/moment/now.js
260 silly gunzTarPerm modified mode [ 'src/lib/moment/now.js', 420, 438 ]
261 silly gunzTarPerm extractEntry src/lib/moment/prototype.js
262 silly gunzTarPerm modified mode [ 'src/lib/moment/prototype.js', 420, 438 ]
263 silly gunzTarPerm extractEntry src/lib/moment/constructor.js
264 silly gunzTarPerm modified mode [ 'src/lib/moment/constructor.js', 420, 438 ]
265 silly gunzTarPerm extractEntry src/lib/moment/start-end-of.js
266 silly gunzTarPerm modified mode [ 'src/lib/moment/start-end-of.js', 420, 438 ]
267 silly gunzTarPerm extractEntry src/lib/moment/compare.js
268 silly gunzTarPerm modified mode [ 'src/lib/moment/compare.js', 420, 438 ]
269 silly gunzTarPerm extractEntry src/lib/moment/to-type.js
270 silly gunzTarPerm modified mode [ 'src/lib/moment/to-type.js', 420, 438 ]
271 silly gunzTarPerm extractEntry src/lib/moment/clone.js
272 silly gunzTarPerm modified mode [ 'src/lib/moment/clone.js', 420, 438 ]
273 silly gunzTarPerm extractEntry src/lib/moment/to.js
274 silly gunzTarPerm modified mode [ 'src/lib/moment/to.js', 420, 438 ]
275 silly gunzTarPerm extractEntry src/lib/moment/calendar.js
276 silly gunzTarPerm modified mode [ 'src/lib/moment/calendar.js', 420, 438 ]
277 silly gunzTarPerm extractEntry src/lib/moment/valid.js
278 silly gunzTarPerm modified mode [ 'src/lib/moment/valid.js', 420, 438 ]
279 silly gunzTarPerm extractEntry src/lib/moment/get-set.js
280 silly gunzTarPerm modified mode [ 'src/lib/moment/get-set.js', 420, 438 ]
281 silly gunzTarPerm extractEntry src/lib/parse/regex.js
282 silly gunzTarPerm modified mode [ 'src/lib/parse/regex.js', 420, 438 ]
283 silly gunzTarPerm extractEntry src/lib/parse/token.js
284 silly gunzTarPerm modified mode [ 'src/lib/parse/token.js', 420, 438 ]
285 silly gunzTarPerm extractEntry src/lib/units/aliases.js
286 silly gunzTarPerm modified mode [ 'src/lib/units/aliases.js', 420, 438 ]
287 silly gunzTarPerm extractEntry src/lib/units/millisecond.js
288 silly gunzTarPerm modified mode [ 'src/lib/units/millisecond.js', 420, 438 ]
289 silly gunzTarPerm extractEntry src/lib/units/minute.js
290 silly gunzTarPerm modified mode [ 'src/lib/units/minute.js', 420, 438 ]
291 silly gunzTarPerm extractEntry src/lib/units/month.js
292 silly gunzTarPerm modified mode [ 'src/lib/units/month.js', 420, 438 ]
293 silly gunzTarPerm extractEntry src/lib/units/offset.js
294 silly gunzTarPerm modified mode [ 'src/lib/units/offset.js', 420, 438 ]
295 silly gunzTarPerm extractEntry src/lib/units/hour.js
296 silly gunzTarPerm modified mode [ 'src/lib/units/hour.js', 420, 438 ]
297 silly gunzTarPerm extractEntry src/lib/units/quarter.js
298 silly gunzTarPerm modified mode [ 'src/lib/units/quarter.js', 420, 438 ]
299 silly gunzTarPerm extractEntry src/lib/units/second.js
300 silly gunzTarPerm modified mode [ 'src/lib/units/second.js', 420, 438 ]
301 silly gunzTarPerm extractEntry src/lib/units/timestamp.js
302 silly gunzTarPerm modified mode [ 'src/lib/units/timestamp.js', 420, 438 ]
303 silly gunzTarPerm extractEntry src/lib/units/timezone.js
304 silly gunzTarPerm modified mode [ 'src/lib/units/timezone.js', 420, 438 ]
305 silly gunzTarPerm extractEntry src/lib/units/units.js
306 silly gunzTarPerm modified mode [ 'src/lib/units/units.js', 420, 438 ]
307 silly gunzTarPerm extractEntry src/lib/units/day-of-year.js
308 silly gunzTarPerm modified mode [ 'src/lib/units/day-of-year.js', 420, 438 ]
309 silly gunzTarPerm extractEntry src/lib/units/week-calendar-utils.js
310 silly gunzTarPerm modified mode [ 'src/lib/units/week-calendar-utils.js', 420, 438 ]
311 silly gunzTarPerm extractEntry src/lib/units/day-of-week.js
312 silly gunzTarPerm modified mode [ 'src/lib/units/day-of-week.js', 420, 438 ]
313 silly gunzTarPerm extractEntry src/lib/units/week-year.js
314 silly gunzTarPerm modified mode [ 'src/lib/units/week-year.js', 420, 438 ]
315 silly gunzTarPerm extractEntry src/lib/units/day-of-month.js
316 silly gunzTarPerm modified mode [ 'src/lib/units/day-of-month.js', 420, 438 ]
317 silly gunzTarPerm extractEntry src/lib/units/week.js
318 silly gunzTarPerm modified mode [ 'src/lib/units/week.js', 420, 438 ]
319 silly gunzTarPerm extractEntry src/lib/units/constants.js
320 silly gunzTarPerm modified mode [ 'src/lib/units/constants.js', 420, 438 ]
321 silly gunzTarPerm extractEntry src/lib/units/year.js
322 silly gunzTarPerm modified mode [ 'src/lib/units/year.js', 420, 438 ]
323 silly gunzTarPerm extractEntry src/lib/units/priorities.js
324 silly gunzTarPerm modified mode [ 'src/lib/units/priorities.js', 420, 438 ]
325 silly gunzTarPerm extractEntry src/lib/utils/abs-ceil.js
326 silly gunzTarPerm modified mode [ 'src/lib/utils/abs-ceil.js', 420, 438 ]
327 silly gunzTarPerm extractEntry src/lib/utils/has-own-prop.js
328 silly gunzTarPerm modified mode [ 'src/lib/utils/has-own-prop.js', 420, 438 ]
329 silly gunzTarPerm extractEntry src/lib/utils/hooks.js
330 silly gunzTarPerm modified mode [ 'src/lib/utils/hooks.js', 420, 438 ]
331 silly gunzTarPerm extractEntry src/lib/utils/index-of.js
332 silly gunzTarPerm modified mode [ 'src/lib/utils/index-of.js', 420, 438 ]
333 silly gunzTarPerm extractEntry src/lib/utils/extend.js
334 silly gunzTarPerm modified mode [ 'src/lib/utils/extend.js', 420, 438 ]
335 silly gunzTarPerm extractEntry src/lib/utils/is-date.js
336 silly gunzTarPerm modified mode [ 'src/lib/utils/is-date.js', 420, 438 ]
337 silly gunzTarPerm extractEntry src/lib/utils/is-function.js
338 silly gunzTarPerm modified mode [ 'src/lib/utils/is-function.js', 420, 438 ]
339 silly gunzTarPerm extractEntry src/lib/utils/is-object-empty.js
340 silly gunzTarPerm modified mode [ 'src/lib/utils/is-object-empty.js', 420, 438 ]
341 silly gunzTarPerm extractEntry src/lib/utils/is-object.js
342 silly gunzTarPerm modified mode [ 'src/lib/utils/is-object.js', 420, 438 ]
343 silly gunzTarPerm extractEntry src/lib/utils/is-undefined.js
344 silly gunzTarPerm modified mode [ 'src/lib/utils/is-undefined.js', 420, 438 ]
345 silly gunzTarPerm extractEntry src/lib/utils/deprecate.js
346 silly gunzTarPerm modified mode [ 'src/lib/utils/deprecate.js', 420, 438 ]
347 silly gunzTarPerm extractEntry src/lib/utils/keys.js
348 silly gunzTarPerm modified mode [ 'src/lib/utils/keys.js', 420, 438 ]
349 silly gunzTarPerm extractEntry src/lib/utils/defaults.js
350 silly gunzTarPerm modified mode [ 'src/lib/utils/defaults.js', 420, 438 ]
351 silly gunzTarPerm extractEntry src/lib/utils/map.js
352 silly gunzTarPerm modified mode [ 'src/lib/utils/map.js', 420, 438 ]
353 silly gunzTarPerm extractEntry src/lib/utils/compare-arrays.js
354 silly gunzTarPerm modified mode [ 'src/lib/utils/compare-arrays.js', 420, 438 ]
355 silly gunzTarPerm extractEntry src/lib/utils/some.js
356 silly gunzTarPerm modified mode [ 'src/lib/utils/some.js', 420, 438 ]
357 silly gunzTarPerm extractEntry src/lib/utils/abs-round.js
358 silly gunzTarPerm modified mode [ 'src/lib/utils/abs-round.js', 420, 438 ]
359 silly gunzTarPerm extractEntry src/lib/utils/to-int.js
360 silly gunzTarPerm modified mode [ 'src/lib/utils/to-int.js', 420, 438 ]
361 silly gunzTarPerm extractEntry src/lib/utils/abs-floor.js
362 silly gunzTarPerm modified mode [ 'src/lib/utils/abs-floor.js', 420, 438 ]
363 silly gunzTarPerm extractEntry src/lib/utils/zero-fill.js
364 silly gunzTarPerm modified mode [ 'src/lib/utils/zero-fill.js', 420, 438 ]
365 silly gunzTarPerm extractEntry src/lib/utils/is-array.js
366 silly gunzTarPerm modified mode [ 'src/lib/utils/is-array.js', 420, 438 ]
367 silly gunzTarPerm extractEntry src/locale/af.js
368 silly gunzTarPerm modified mode [ 'src/locale/af.js', 420, 438 ]
369 silly gunzTarPerm extractEntry src/locale/it.js
370 silly gunzTarPerm modified mode [ 'src/locale/it.js', 420, 438 ]
371 silly gunzTarPerm extractEntry src/locale/ja.js
372 silly gunzTarPerm modified mode [ 'src/locale/ja.js', 420, 438 ]
373 silly gunzTarPerm extractEntry src/locale/jv.js
374 silly gunzTarPerm modified mode [ 'src/locale/jv.js', 420, 438 ]
375 silly gunzTarPerm extractEntry src/locale/is.js
376 silly gunzTarPerm modified mode [ 'src/locale/is.js', 420, 438 ]
377 silly gunzTarPerm extractEntry src/locale/kk.js
378 silly gunzTarPerm modified mode [ 'src/locale/kk.js', 420, 438 ]
379 silly gunzTarPerm extractEntry src/locale/km.js
380 silly gunzTarPerm modified mode [ 'src/locale/km.js', 420, 438 ]
381 silly gunzTarPerm extractEntry src/locale/ko.js
382 silly gunzTarPerm modified mode [ 'src/locale/ko.js', 420, 438 ]
383 silly gunzTarPerm extractEntry src/locale/ky.js
384 silly gunzTarPerm modified mode [ 'src/locale/ky.js', 420, 438 ]
385 silly gunzTarPerm extractEntry src/locale/lb.js
386 silly gunzTarPerm modified mode [ 'src/locale/lb.js', 420, 438 ]
387 silly gunzTarPerm extractEntry src/locale/id.js
388 silly gunzTarPerm modified mode [ 'src/locale/id.js', 420, 438 ]
389 silly gunzTarPerm extractEntry src/locale/lo.js
390 silly gunzTarPerm modified mode [ 'src/locale/lo.js', 420, 438 ]
391 silly gunzTarPerm extractEntry src/locale/hy-am.js
392 silly gunzTarPerm modified mode [ 'src/locale/hy-am.js', 420, 438 ]
393 silly gunzTarPerm extractEntry src/locale/lt.js
394 silly gunzTarPerm modified mode [ 'src/locale/lt.js', 420, 438 ]
395 silly gunzTarPerm extractEntry src/locale/hu.js
396 silly gunzTarPerm modified mode [ 'src/locale/hu.js', 420, 438 ]
397 silly gunzTarPerm extractEntry src/locale/lv.js
398 silly gunzTarPerm modified mode [ 'src/locale/lv.js', 420, 438 ]
399 silly gunzTarPerm extractEntry src/locale/hr.js
400 silly gunzTarPerm modified mode [ 'src/locale/hr.js', 420, 438 ]
401 silly gunzTarPerm extractEntry src/locale/me.js
402 silly gunzTarPerm modified mode [ 'src/locale/me.js', 420, 438 ]
403 silly gunzTarPerm extractEntry src/locale/hi.js
404 silly gunzTarPerm modified mode [ 'src/locale/hi.js', 420, 438 ]
405 silly gunzTarPerm extractEntry src/locale/mk.js
406 silly gunzTarPerm modified mode [ 'src/locale/mk.js', 420, 438 ]
407 silly gunzTarPerm extractEntry src/locale/he.js
408 silly gunzTarPerm modified mode [ 'src/locale/he.js', 420, 438 ]
409 silly gunzTarPerm extractEntry src/locale/ml.js
410 silly gunzTarPerm modified mode [ 'src/locale/ml.js', 420, 438 ]
411 silly gunzTarPerm extractEntry src/locale/gl.js
412 silly gunzTarPerm modified mode [ 'src/locale/gl.js', 420, 438 ]
413 silly gunzTarPerm extractEntry src/locale/mr.js
414 silly gunzTarPerm modified mode [ 'src/locale/mr.js', 420, 438 ]
415 silly gunzTarPerm extractEntry src/locale/gd.js
416 silly gunzTarPerm modified mode [ 'src/locale/gd.js', 420, 438 ]
417 silly gunzTarPerm extractEntry src/locale/ms-my.js
418 silly gunzTarPerm modified mode [ 'src/locale/ms-my.js', 420, 438 ]
419 silly gunzTarPerm extractEntry src/locale/fy.js
420 silly gunzTarPerm modified mode [ 'src/locale/fy.js', 420, 438 ]
421 silly gunzTarPerm extractEntry src/locale/ms.js
422 silly gunzTarPerm modified mode [ 'src/locale/ms.js', 420, 438 ]
423 silly gunzTarPerm extractEntry src/locale/fr.js
424 silly gunzTarPerm modified mode [ 'src/locale/fr.js', 420, 438 ]
425 silly gunzTarPerm extractEntry src/locale/my.js
426 silly gunzTarPerm modified mode [ 'src/locale/my.js', 420, 438 ]
427 silly gunzTarPerm extractEntry src/locale/fr-ch.js
428 silly gunzTarPerm modified mode [ 'src/locale/fr-ch.js', 420, 438 ]
429 silly gunzTarPerm extractEntry src/locale/nb.js
430 silly gunzTarPerm modified mode [ 'src/locale/nb.js', 420, 438 ]
431 silly gunzTarPerm extractEntry src/locale/fr-ca.js
432 silly gunzTarPerm modified mode [ 'src/locale/fr-ca.js', 420, 438 ]
433 silly gunzTarPerm extractEntry src/locale/ne.js
434 silly gunzTarPerm modified mode [ 'src/locale/ne.js', 420, 438 ]
435 silly gunzTarPerm extractEntry src/locale/fo.js
436 silly gunzTarPerm modified mode [ 'src/locale/fo.js', 420, 438 ]
437 silly gunzTarPerm extractEntry src/locale/nl.js
438 silly gunzTarPerm modified mode [ 'src/locale/nl.js', 420, 438 ]
439 silly gunzTarPerm extractEntry src/locale/fi.js
440 silly gunzTarPerm modified mode [ 'src/locale/fi.js', 420, 438 ]
441 silly gunzTarPerm extractEntry src/locale/nn.js
442 silly gunzTarPerm modified mode [ 'src/locale/nn.js', 420, 438 ]
443 silly gunzTarPerm extractEntry src/locale/fa.js
444 silly gunzTarPerm modified mode [ 'src/locale/fa.js', 420, 438 ]
445 silly gunzTarPerm extractEntry src/locale/pa-in.js
446 silly gunzTarPerm modified mode [ 'src/locale/pa-in.js', 420, 438 ]
447 silly gunzTarPerm extractEntry src/locale/eu.js
448 silly gunzTarPerm modified mode [ 'src/locale/eu.js', 420, 438 ]
449 silly gunzTarPerm extractEntry src/locale/pl.js
450 silly gunzTarPerm modified mode [ 'src/locale/pl.js', 420, 438 ]
451 silly gunzTarPerm extractEntry src/locale/et.js
452 silly gunzTarPerm modified mode [ 'src/locale/et.js', 420, 438 ]
453 silly gunzTarPerm extractEntry src/locale/pt-br.js
454 silly gunzTarPerm modified mode [ 'src/locale/pt-br.js', 420, 438 ]
455 silly gunzTarPerm extractEntry src/locale/es.js
456 silly gunzTarPerm modified mode [ 'src/locale/es.js', 420, 438 ]
457 silly gunzTarPerm extractEntry src/locale/pt.js
458 silly gunzTarPerm modified mode [ 'src/locale/pt.js', 420, 438 ]
459 silly gunzTarPerm extractEntry src/locale/es-do.js
460 silly gunzTarPerm modified mode [ 'src/locale/es-do.js', 420, 438 ]
461 silly gunzTarPerm extractEntry src/locale/ro.js
462 silly gunzTarPerm modified mode [ 'src/locale/ro.js', 420, 438 ]
463 silly gunzTarPerm extractEntry src/locale/eo.js
464 silly gunzTarPerm modified mode [ 'src/locale/eo.js', 420, 438 ]
465 silly gunzTarPerm extractEntry src/locale/ru.js
466 silly gunzTarPerm modified mode [ 'src/locale/ru.js', 420, 438 ]
467 silly gunzTarPerm extractEntry src/locale/en-nz.js
468 silly gunzTarPerm modified mode [ 'src/locale/en-nz.js', 420, 438 ]
469 silly gunzTarPerm extractEntry src/locale/se.js
470 silly gunzTarPerm modified mode [ 'src/locale/se.js', 420, 438 ]
471 silly gunzTarPerm extractEntry src/locale/en-ie.js
472 silly gunzTarPerm modified mode [ 'src/locale/en-ie.js', 420, 438 ]
473 silly gunzTarPerm extractEntry src/locale/si.js
474 silly gunzTarPerm modified mode [ 'src/locale/si.js', 420, 438 ]
475 silly gunzTarPerm extractEntry src/locale/en-gb.js
476 silly gunzTarPerm modified mode [ 'src/locale/en-gb.js', 420, 438 ]
477 silly gunzTarPerm extractEntry src/locale/sk.js
478 silly gunzTarPerm modified mode [ 'src/locale/sk.js', 420, 438 ]
479 silly gunzTarPerm extractEntry src/locale/en-ca.js
480 silly gunzTarPerm modified mode [ 'src/locale/en-ca.js', 420, 438 ]
481 silly gunzTarPerm extractEntry src/locale/sl.js
482 silly gunzTarPerm modified mode [ 'src/locale/sl.js', 420, 438 ]
483 silly gunzTarPerm extractEntry src/locale/en-au.js
484 silly gunzTarPerm modified mode [ 'src/locale/en-au.js', 420, 438 ]
485 silly gunzTarPerm extractEntry src/locale/sq.js
486 silly gunzTarPerm modified mode [ 'src/locale/sq.js', 420, 438 ]
487 silly gunzTarPerm extractEntry src/locale/el.js
488 silly gunzTarPerm modified mode [ 'src/locale/el.js', 420, 438 ]
489 silly gunzTarPerm extractEntry src/locale/sr-cyrl.js
490 silly gunzTarPerm modified mode [ 'src/locale/sr-cyrl.js', 420, 438 ]
491 silly gunzTarPerm extractEntry src/locale/dv.js
492 silly gunzTarPerm modified mode [ 'src/locale/dv.js', 420, 438 ]
493 silly gunzTarPerm extractEntry src/locale/sr.js
494 silly gunzTarPerm modified mode [ 'src/locale/sr.js', 420, 438 ]
495 silly gunzTarPerm extractEntry src/locale/de.js
496 silly gunzTarPerm modified mode [ 'src/locale/de.js', 420, 438 ]
497 silly gunzTarPerm extractEntry src/locale/ss.js
498 silly gunzTarPerm modified mode [ 'src/locale/ss.js', 420, 438 ]
499 silly gunzTarPerm extractEntry src/locale/de-at.js
500 silly gunzTarPerm modified mode [ 'src/locale/de-at.js', 420, 438 ]
501 silly gunzTarPerm extractEntry src/locale/sv.js
502 silly gunzTarPerm modified mode [ 'src/locale/sv.js', 420, 438 ]
503 silly gunzTarPerm extractEntry src/locale/da.js
504 silly gunzTarPerm modified mode [ 'src/locale/da.js', 420, 438 ]
505 silly gunzTarPerm extractEntry src/locale/sw.js
506 silly gunzTarPerm modified mode [ 'src/locale/sw.js', 420, 438 ]
507 silly gunzTarPerm extractEntry src/locale/cy.js
508 silly gunzTarPerm modified mode [ 'src/locale/cy.js', 420, 438 ]
509 silly gunzTarPerm extractEntry src/locale/ta.js
510 silly gunzTarPerm modified mode [ 'src/locale/ta.js', 420, 438 ]
511 silly gunzTarPerm extractEntry src/locale/cv.js
512 silly gunzTarPerm modified mode [ 'src/locale/cv.js', 420, 438 ]
513 silly gunzTarPerm extractEntry src/locale/te.js
514 silly gunzTarPerm modified mode [ 'src/locale/te.js', 420, 438 ]
515 silly gunzTarPerm extractEntry src/locale/cs.js
516 silly gunzTarPerm modified mode [ 'src/locale/cs.js', 420, 438 ]
517 silly gunzTarPerm extractEntry src/locale/th.js
518 silly gunzTarPerm modified mode [ 'src/locale/th.js', 420, 438 ]
519 silly gunzTarPerm extractEntry src/locale/ca.js
520 silly gunzTarPerm modified mode [ 'src/locale/ca.js', 420, 438 ]
521 silly gunzTarPerm extractEntry src/locale/tl-ph.js
522 silly gunzTarPerm modified mode [ 'src/locale/tl-ph.js', 420, 438 ]
523 silly gunzTarPerm extractEntry src/locale/bs.js
524 silly gunzTarPerm modified mode [ 'src/locale/bs.js', 420, 438 ]
525 silly gunzTarPerm extractEntry src/locale/tlh.js
526 silly gunzTarPerm modified mode [ 'src/locale/tlh.js', 420, 438 ]
527 silly gunzTarPerm extractEntry src/locale/br.js
528 silly gunzTarPerm modified mode [ 'src/locale/br.js', 420, 438 ]
529 silly gunzTarPerm extractEntry src/locale/tr.js
530 silly gunzTarPerm modified mode [ 'src/locale/tr.js', 420, 438 ]
531 silly gunzTarPerm extractEntry src/locale/bo.js
532 silly gunzTarPerm modified mode [ 'src/locale/bo.js', 420, 438 ]
533 silly gunzTarPerm extractEntry src/locale/tzl.js
534 silly gunzTarPerm modified mode [ 'src/locale/tzl.js', 420, 438 ]
535 silly gunzTarPerm extractEntry src/locale/bn.js
536 silly gunzTarPerm modified mode [ 'src/locale/bn.js', 420, 438 ]
537 silly gunzTarPerm extractEntry src/locale/tzm-latn.js
538 silly gunzTarPerm modified mode [ 'src/locale/tzm-latn.js', 420, 438 ]
539 silly gunzTarPerm extractEntry src/locale/bg.js
540 silly gunzTarPerm modified mode [ 'src/locale/bg.js', 420, 438 ]
541 silly gunzTarPerm extractEntry src/locale/tzm.js
542 silly gunzTarPerm modified mode [ 'src/locale/tzm.js', 420, 438 ]
543 silly gunzTarPerm extractEntry src/locale/be.js
544 silly gunzTarPerm modified mode [ 'src/locale/be.js', 420, 438 ]
545 silly gunzTarPerm extractEntry src/locale/uk.js
546 silly gunzTarPerm modified mode [ 'src/locale/uk.js', 420, 438 ]
547 silly gunzTarPerm extractEntry src/locale/az.js
548 silly gunzTarPerm modified mode [ 'src/locale/az.js', 420, 438 ]
549 silly gunzTarPerm extractEntry src/locale/uz.js
550 silly gunzTarPerm modified mode [ 'src/locale/uz.js', 420, 438 ]
551 silly gunzTarPerm extractEntry src/locale/ar.js
552 silly gunzTarPerm modified mode [ 'src/locale/ar.js', 420, 438 ]
553 silly gunzTarPerm extractEntry src/locale/vi.js
554 silly gunzTarPerm modified mode [ 'src/locale/vi.js', 420, 438 ]
555 silly gunzTarPerm extractEntry src/locale/ar-tn.js
556 silly gunzTarPerm modified mode [ 'src/locale/ar-tn.js', 420, 438 ]
557 silly gunzTarPerm extractEntry src/locale/x-pseudo.js
558 silly gunzTarPerm modified mode [ 'src/locale/x-pseudo.js', 420, 438 ]
559 silly gunzTarPerm extractEntry src/locale/ar-sa.js
560 silly gunzTarPerm modified mode [ 'src/locale/ar-sa.js', 420, 438 ]
561 silly gunzTarPerm extractEntry src/locale/zh-cn.js
562 silly gunzTarPerm modified mode [ 'src/locale/zh-cn.js', 420, 438 ]
563 silly gunzTarPerm extractEntry src/locale/ar-ma.js
564 silly gunzTarPerm modified mode [ 'src/locale/ar-ma.js', 420, 438 ]
565 silly gunzTarPerm extractEntry src/locale/zh-tw.js
566 silly gunzTarPerm modified mode [ 'src/locale/zh-tw.js', 420, 438 ]
567 silly gunzTarPerm extractEntry src/locale/ka.js
568 silly gunzTarPerm modified mode [ 'src/locale/ka.js', 420, 438 ]
569 silly gunzTarPerm extractEntry locale/af.js
570 silly gunzTarPerm modified mode [ 'locale/af.js', 420, 438 ]
571 silly gunzTarPerm extractEntry locale/it.js
572 silly gunzTarPerm modified mode [ 'locale/it.js', 420, 438 ]
573 silly gunzTarPerm extractEntry locale/ja.js
574 silly gunzTarPerm modified mode [ 'locale/ja.js', 420, 438 ]
575 silly gunzTarPerm extractEntry locale/jv.js
576 silly gunzTarPerm modified mode [ 'locale/jv.js', 420, 438 ]
577 silly gunzTarPerm extractEntry locale/is.js
578 silly gunzTarPerm modified mode [ 'locale/is.js', 420, 438 ]
579 silly gunzTarPerm extractEntry locale/kk.js
580 silly gunzTarPerm modified mode [ 'locale/kk.js', 420, 438 ]
581 silly gunzTarPerm extractEntry locale/km.js
582 silly gunzTarPerm modified mode [ 'locale/km.js', 420, 438 ]
583 silly gunzTarPerm extractEntry locale/ko.js
584 silly gunzTarPerm modified mode [ 'locale/ko.js', 420, 438 ]
585 silly gunzTarPerm extractEntry locale/ky.js
586 silly gunzTarPerm modified mode [ 'locale/ky.js', 420, 438 ]
587 silly gunzTarPerm extractEntry locale/lb.js
588 silly gunzTarPerm modified mode [ 'locale/lb.js', 420, 438 ]
589 silly gunzTarPerm extractEntry locale/id.js
590 silly gunzTarPerm modified mode [ 'locale/id.js', 420, 438 ]
591 silly gunzTarPerm extractEntry locale/lo.js
592 silly gunzTarPerm modified mode [ 'locale/lo.js', 420, 438 ]
593 silly gunzTarPerm extractEntry locale/hy-am.js
594 silly gunzTarPerm modified mode [ 'locale/hy-am.js', 420, 438 ]
595 silly gunzTarPerm extractEntry locale/lt.js
596 silly gunzTarPerm modified mode [ 'locale/lt.js', 420, 438 ]
597 silly gunzTarPerm extractEntry locale/hu.js
598 silly gunzTarPerm modified mode [ 'locale/hu.js', 420, 438 ]
599 silly gunzTarPerm extractEntry locale/lv.js
600 silly gunzTarPerm modified mode [ 'locale/lv.js', 420, 438 ]
601 silly gunzTarPerm extractEntry locale/hr.js
602 silly gunzTarPerm modified mode [ 'locale/hr.js', 420, 438 ]
603 silly gunzTarPerm extractEntry locale/me.js
604 silly gunzTarPerm modified mode [ 'locale/me.js', 420, 438 ]
605 silly gunzTarPerm extractEntry locale/hi.js
606 silly gunzTarPerm modified mode [ 'locale/hi.js', 420, 438 ]
607 silly gunzTarPerm extractEntry locale/mk.js
608 silly gunzTarPerm modified mode [ 'locale/mk.js', 420, 438 ]
609 silly gunzTarPerm extractEntry locale/he.js
610 silly gunzTarPerm modified mode [ 'locale/he.js', 420, 438 ]
611 silly gunzTarPerm extractEntry locale/ml.js
612 silly gunzTarPerm modified mode [ 'locale/ml.js', 420, 438 ]
613 silly gunzTarPerm extractEntry locale/gl.js
614 silly gunzTarPerm modified mode [ 'locale/gl.js', 420, 438 ]
615 silly gunzTarPerm extractEntry locale/mr.js
616 silly gunzTarPerm modified mode [ 'locale/mr.js', 420, 438 ]
617 silly gunzTarPerm extractEntry locale/gd.js
618 silly gunzTarPerm modified mode [ 'locale/gd.js', 420, 438 ]
619 silly gunzTarPerm extractEntry locale/ms-my.js
620 silly gunzTarPerm modified mode [ 'locale/ms-my.js', 420, 438 ]
621 silly gunzTarPerm extractEntry locale/fy.js
622 silly gunzTarPerm modified mode [ 'locale/fy.js', 420, 438 ]
623 silly gunzTarPerm extractEntry locale/ms.js
624 silly gunzTarPerm modified mode [ 'locale/ms.js', 420, 438 ]
625 silly gunzTarPerm extractEntry locale/fr.js
626 silly gunzTarPerm modified mode [ 'locale/fr.js', 420, 438 ]
627 silly gunzTarPerm extractEntry locale/my.js
628 silly gunzTarPerm modified mode [ 'locale/my.js', 420, 438 ]
629 silly gunzTarPerm extractEntry locale/fr-ch.js
630 silly gunzTarPerm modified mode [ 'locale/fr-ch.js', 420, 438 ]
631 silly gunzTarPerm extractEntry locale/nb.js
632 silly gunzTarPerm modified mode [ 'locale/nb.js', 420, 438 ]
633 silly gunzTarPerm extractEntry locale/fr-ca.js
634 silly gunzTarPerm modified mode [ 'locale/fr-ca.js', 420, 438 ]
635 silly gunzTarPerm extractEntry locale/ne.js
636 silly gunzTarPerm modified mode [ 'locale/ne.js', 420, 438 ]
637 silly gunzTarPerm extractEntry locale/fo.js
638 silly gunzTarPerm modified mode [ 'locale/fo.js', 420, 438 ]
639 silly gunzTarPerm extractEntry locale/nl.js
640 silly gunzTarPerm modified mode [ 'locale/nl.js', 420, 438 ]
641 silly gunzTarPerm extractEntry locale/fi.js
642 silly gunzTarPerm modified mode [ 'locale/fi.js', 420, 438 ]
643 silly gunzTarPerm extractEntry locale/nn.js
644 silly gunzTarPerm modified mode [ 'locale/nn.js', 420, 438 ]
645 silly gunzTarPerm extractEntry locale/fa.js
646 silly gunzTarPerm modified mode [ 'locale/fa.js', 420, 438 ]
647 silly gunzTarPerm extractEntry locale/pa-in.js
648 silly gunzTarPerm modified mode [ 'locale/pa-in.js', 420, 438 ]
649 silly gunzTarPerm extractEntry locale/eu.js
650 silly gunzTarPerm modified mode [ 'locale/eu.js', 420, 438 ]
651 silly gunzTarPerm extractEntry locale/pl.js
652 silly gunzTarPerm modified mode [ 'locale/pl.js', 420, 438 ]
653 silly gunzTarPerm extractEntry locale/et.js
654 silly gunzTarPerm modified mode [ 'locale/et.js', 420, 438 ]
655 silly gunzTarPerm extractEntry locale/pt-br.js
656 silly gunzTarPerm modified mode [ 'locale/pt-br.js', 420, 438 ]
657 silly gunzTarPerm extractEntry locale/es.js
658 silly gunzTarPerm modified mode [ 'locale/es.js', 420, 438 ]
659 silly gunzTarPerm extractEntry locale/pt.js
660 silly gunzTarPerm modified mode [ 'locale/pt.js', 420, 438 ]
661 silly gunzTarPerm extractEntry locale/es-do.js
662 silly gunzTarPerm modified mode [ 'locale/es-do.js', 420, 438 ]
663 silly gunzTarPerm extractEntry locale/ro.js
664 silly gunzTarPerm modified mode [ 'locale/ro.js', 420, 438 ]
665 silly gunzTarPerm extractEntry locale/eo.js
666 silly gunzTarPerm modified mode [ 'locale/eo.js', 420, 438 ]
667 silly gunzTarPerm extractEntry locale/ru.js
668 silly gunzTarPerm modified mode [ 'locale/ru.js', 420, 438 ]
669 silly gunzTarPerm extractEntry locale/en-nz.js
670 silly gunzTarPerm modified mode [ 'locale/en-nz.js', 420, 438 ]
671 silly gunzTarPerm extractEntry locale/se.js
672 silly gunzTarPerm modified mode [ 'locale/se.js', 420, 438 ]
673 silly gunzTarPerm extractEntry locale/en-ie.js
674 silly gunzTarPerm modified mode [ 'locale/en-ie.js', 420, 438 ]
675 silly gunzTarPerm extractEntry locale/si.js
676 silly gunzTarPerm modified mode [ 'locale/si.js', 420, 438 ]
677 silly gunzTarPerm extractEntry locale/en-gb.js
678 silly gunzTarPerm modified mode [ 'locale/en-gb.js', 420, 438 ]
679 silly gunzTarPerm extractEntry locale/sk.js
680 silly gunzTarPerm modified mode [ 'locale/sk.js', 420, 438 ]
681 silly gunzTarPerm extractEntry locale/en-ca.js
682 silly gunzTarPerm modified mode [ 'locale/en-ca.js', 420, 438 ]
683 silly gunzTarPerm extractEntry locale/sl.js
684 silly gunzTarPerm modified mode [ 'locale/sl.js', 420, 438 ]
685 silly gunzTarPerm extractEntry locale/en-au.js
686 silly gunzTarPerm modified mode [ 'locale/en-au.js', 420, 438 ]
687 silly gunzTarPerm extractEntry locale/sq.js
688 silly gunzTarPerm modified mode [ 'locale/sq.js', 420, 438 ]
689 silly gunzTarPerm extractEntry locale/el.js
690 silly gunzTarPerm modified mode [ 'locale/el.js', 420, 438 ]
691 silly gunzTarPerm extractEntry locale/sr-cyrl.js
692 silly gunzTarPerm modified mode [ 'locale/sr-cyrl.js', 420, 438 ]
693 silly gunzTarPerm extractEntry locale/dv.js
694 silly gunzTarPerm modified mode [ 'locale/dv.js', 420, 438 ]
695 silly gunzTarPerm extractEntry locale/sr.js
696 silly gunzTarPerm modified mode [ 'locale/sr.js', 420, 438 ]
697 silly gunzTarPerm extractEntry locale/de.js
698 silly gunzTarPerm modified mode [ 'locale/de.js', 420, 438 ]
699 silly gunzTarPerm extractEntry locale/ss.js
700 silly gunzTarPerm modified mode [ 'locale/ss.js', 420, 438 ]
701 silly gunzTarPerm extractEntry locale/de-at.js
702 silly gunzTarPerm modified mode [ 'locale/de-at.js', 420, 438 ]
703 silly gunzTarPerm extractEntry locale/sv.js
704 silly gunzTarPerm modified mode [ 'locale/sv.js', 420, 438 ]
705 silly gunzTarPerm extractEntry locale/da.js
706 silly gunzTarPerm modified mode [ 'locale/da.js', 420, 438 ]
707 silly gunzTarPerm extractEntry locale/sw.js
708 silly gunzTarPerm modified mode [ 'locale/sw.js', 420, 438 ]
709 silly gunzTarPerm extractEntry locale/cy.js
710 silly gunzTarPerm modified mode [ 'locale/cy.js', 420, 438 ]
711 silly gunzTarPerm extractEntry locale/ta.js
712 silly gunzTarPerm modified mode [ 'locale/ta.js', 420, 438 ]
713 silly gunzTarPerm extractEntry locale/cv.js
714 silly gunzTarPerm modified mode [ 'locale/cv.js', 420, 438 ]
715 silly gunzTarPerm extractEntry locale/te.js
716 silly gunzTarPerm modified mode [ 'locale/te.js', 420, 438 ]
717 silly gunzTarPerm extractEntry locale/cs.js
718 silly gunzTarPerm modified mode [ 'locale/cs.js', 420, 438 ]
719 silly gunzTarPerm extractEntry locale/th.js
720 silly gunzTarPerm modified mode [ 'locale/th.js', 420, 438 ]
721 silly gunzTarPerm extractEntry locale/ca.js
722 silly gunzTarPerm modified mode [ 'locale/ca.js', 420, 438 ]
723 silly gunzTarPerm extractEntry locale/tl-ph.js
724 silly gunzTarPerm modified mode [ 'locale/tl-ph.js', 420, 438 ]
725 silly gunzTarPerm extractEntry locale/bs.js
726 silly gunzTarPerm modified mode [ 'locale/bs.js', 420, 438 ]
727 silly gunzTarPerm extractEntry locale/tlh.js
728 silly gunzTarPerm modified mode [ 'locale/tlh.js', 420, 438 ]
729 silly gunzTarPerm extractEntry locale/br.js
730 silly gunzTarPerm modified mode [ 'locale/br.js', 420, 438 ]
731 silly gunzTarPerm extractEntry locale/tr.js
732 silly gunzTarPerm modified mode [ 'locale/tr.js', 420, 438 ]
733 silly gunzTarPerm extractEntry locale/bo.js
734 silly gunzTarPerm modified mode [ 'locale/bo.js', 420, 438 ]
735 silly gunzTarPerm extractEntry locale/tzl.js
736 silly gunzTarPerm modified mode [ 'locale/tzl.js', 420, 438 ]
737 silly gunzTarPerm extractEntry locale/bn.js
738 silly gunzTarPerm modified mode [ 'locale/bn.js', 420, 438 ]
739 silly gunzTarPerm extractEntry locale/tzm-latn.js
740 silly gunzTarPerm modified mode [ 'locale/tzm-latn.js', 420, 438 ]
741 silly gunzTarPerm extractEntry locale/bg.js
742 silly gunzTarPerm modified mode [ 'locale/bg.js', 420, 438 ]
743 silly gunzTarPerm extractEntry locale/tzm.js
744 silly gunzTarPerm modified mode [ 'locale/tzm.js', 420, 438 ]
745 silly gunzTarPerm extractEntry locale/be.js
746 silly gunzTarPerm modified mode [ 'locale/be.js', 420, 438 ]
747 silly gunzTarPerm extractEntry locale/uk.js
748 silly gunzTarPerm modified mode [ 'locale/uk.js', 420, 438 ]
749 silly gunzTarPerm extractEntry locale/az.js
750 silly gunzTarPerm modified mode [ 'locale/az.js', 420, 438 ]
751 silly gunzTarPerm extractEntry locale/uz.js
752 silly gunzTarPerm modified mode [ 'locale/uz.js', 420, 438 ]
753 silly gunzTarPerm extractEntry locale/ar.js
754 silly gunzTarPerm modified mode [ 'locale/ar.js', 420, 438 ]
755 silly gunzTarPerm extractEntry locale/vi.js
756 silly gunzTarPerm modified mode [ 'locale/vi.js', 420, 438 ]
757 silly gunzTarPerm extractEntry locale/ar-tn.js
758 silly gunzTarPerm modified mode [ 'locale/ar-tn.js', 420, 438 ]
759 silly gunzTarPerm extractEntry locale/x-pseudo.js
760 silly gunzTarPerm modified mode [ 'locale/x-pseudo.js', 420, 438 ]
761 silly gunzTarPerm extractEntry locale/ar-sa.js
762 silly gunzTarPerm modified mode [ 'locale/ar-sa.js', 420, 438 ]
763 silly gunzTarPerm extractEntry locale/zh-cn.js
764 silly gunzTarPerm modified mode [ 'locale/zh-cn.js', 420, 438 ]
765 silly gunzTarPerm extractEntry locale/ar-ma.js
766 silly gunzTarPerm modified mode [ 'locale/ar-ma.js', 420, 438 ]
767 silly gunzTarPerm extractEntry locale/zh-tw.js
768 silly gunzTarPerm modified mode [ 'locale/zh-tw.js', 420, 438 ]
769 silly gunzTarPerm extractEntry locale/ka.js
770 silly gunzTarPerm modified mode [ 'locale/ka.js', 420, 438 ]
771 silly gunzTarPerm extractEntry CHANGELOG.md
772 silly gunzTarPerm modified mode [ 'CHANGELOG.md', 420, 438 ]
773 silly gunzTarPerm extractEntry min/locales.js
774 silly gunzTarPerm modified mode [ 'min/locales.js', 420, 438 ]
775 silly gunzTarPerm extractEntry min/locales.min.js
776 silly gunzTarPerm modified mode [ 'min/locales.min.js', 420, 438 ]
777 silly gunzTarPerm extractEntry min/moment-with-locales.js
778 silly gunzTarPerm modified mode [ 'min/moment-with-locales.js', 420, 438 ]
779 silly gunzTarPerm extractEntry min/moment-with-locales.min.js
780 silly gunzTarPerm modified mode [ 'min/moment-with-locales.min.js', 420, 438 ]
781 silly gunzTarPerm extractEntry min/moment.min.js
782 silly gunzTarPerm modified mode [ 'min/moment.min.js', 420, 438 ]
783 verbose write writing to C:\Users\ty\WebstormProjects\TYBlog02\node_modules\file-stream-rotator\node_modules\moment\package.json
784 info preinstall moment@2.14.1
785 verbose readDependencies loading dependencies from C:\Users\ty\WebstormProjects\TYBlog02\node_modules\file-stream-rotator\node_modules\moment\package.json
786 verbose readDependencies loading dependencies from C:\Users\ty\WebstormProjects\TYBlog02\node_modules\file-stream-rotator\node_modules\moment\package.json
787 silly install resolved []
788 verbose about to build C:\Users\ty\WebstormProjects\TYBlog02\node_modules\file-stream-rotator\node_modules\moment
789 info build C:\Users\ty\WebstormProjects\TYBlog02\node_modules\file-stream-rotator\node_modules\moment
790 info linkStuff moment@2.14.1
791 silly linkStuff moment@2.14.1 has C:\Users\ty\WebstormProjects\TYBlog02\node_modules\file-stream-rotator\node_modules as its parent node_modules
792 verbose linkBins moment@2.14.1
793 verbose linkMans moment@2.14.1
794 verbose rebuildBundles moment@2.14.1
795 info install moment@2.14.1
796 info postinstall moment@2.14.1
797 verbose unlock done using C:\Users\ty\AppData\Roaming\npm-cache\_locks\moment-f4f9112def575f5c.lock for C:\Users\ty\WebstormProjects\TYBlog02\node_modules\file-stream-rotator\node_modules\moment
798 verbose about to build C:\Users\ty\WebstormProjects\TYBlog02\node_modules\file-stream-rotator
799 info build C:\Users\ty\WebstormProjects\TYBlog02\node_modules\file-stream-rotator
800 info linkStuff file-stream-rotator@0.0.7
801 silly linkStuff file-stream-rotator@0.0.7 has C:\Users\ty\WebstormProjects\TYBlog02\node_modules as its parent node_modules
802 verbose linkBins file-stream-rotator@0.0.7
803 verbose linkMans file-stream-rotator@0.0.7
804 verbose rebuildBundles file-stream-rotator@0.0.7
805 verbose rebuildBundles [ 'moment' ]
806 info install file-stream-rotator@0.0.7
807 info postinstall file-stream-rotator@0.0.7
808 verbose unlock done using C:\Users\ty\AppData\Roaming\npm-cache\_locks\file-stream-rotator-326530cc47f3d6d3.lock for C:\Users\ty\WebstormProjects\TYBlog02\node_modules\file-stream-rotator
809 verbose validateInstall loading C:\Users\ty\WebstormProjects\TYBlog02\package.json for validation
810 verbose stack Error: The package eslint does not satisfy its siblings' peerDependencies requirements!
810 verbose stack     at D:\ruanjian\nodejs\node_modules\npm\lib\install.js:125:32
810 verbose stack     at D:\ruanjian\nodejs\node_modules\npm\lib\install.js:267:7
810 verbose stack     at D:\ruanjian\nodejs\node_modules\npm\node_modules\read-installed\read-installed.js:138:5
810 verbose stack     at D:\ruanjian\nodejs\node_modules\npm\node_modules\read-installed\read-installed.js:251:14
810 verbose stack     at cb (D:\ruanjian\nodejs\node_modules\npm\node_modules\slide\lib\async-map.js:47:24)
810 verbose stack     at D:\ruanjian\nodejs\node_modules\npm\node_modules\read-installed\read-installed.js:251:14
810 verbose stack     at cb (D:\ruanjian\nodejs\node_modules\npm\node_modules\slide\lib\async-map.js:47:24)
810 verbose stack     at D:\ruanjian\nodejs\node_modules\npm\node_modules\read-installed\read-installed.js:251:14
810 verbose stack     at cb (D:\ruanjian\nodejs\node_modules\npm\node_modules\slide\lib\async-map.js:47:24)
810 verbose stack     at D:\ruanjian\nodejs\node_modules\npm\node_modules\read-installed\read-installed.js:251:14
811 verbose cwd C:\Users\ty\WebstormProjects\TYBlog02
812 error Windows_NT 6.3.9600
813 error argv "D:\\ruanjian\\nodejs\\\\node.exe" "D:\\ruanjian\\nodejs\\node_modules\\npm\\bin\\npm-cli.js" "install" "file-stream-rotator" "--save-dev"
814 error node v0.12.7
815 error npm  v2.11.3
816 error code EPEERINVALID
817 error peerinvalid The package eslint does not satisfy its siblings' peerDependencies requirements!
817 error peerinvalid Peer eslint-plugin-jsx-a11y@1.5.5 wants eslint@^2.10.2 || 3.x
817 error peerinvalid Peer eslint-plugin-import@1.11.0 wants eslint@2.x - 3.x
817 error peerinvalid Peer eslint-config-airbnb@9.0.1 wants eslint@^2.9.0
818 verbose exit [ 1, true ]
